  Player.cpp
C:\Unity\SDL\MyGame\src\Objects\Bullet.h(13,28): warning C4244: '=': 'double' から 'float' への変換です。データが失われる可能性があります。
  (ソース ファイル 'src/Objects/Player.cpp' をコンパイルしています)
  
C:\Unity\SDL\MyGame\src\Objects\Bullet.h(14,28): warning C4244: '=': 'double' から 'float' への変換です。データが失われる可能性があります。
  (ソース ファイル 'src/Objects/Player.cpp' をコンパイルしています)
  
  Game.cpp
C:\Unity\SDL\MyGame\src\Objects\Bullet.h(13,28): warning C4244: '=': 'double' から 'float' への変換です。データが失われる可能性があります。
  (ソース ファイル 'src/Core/Game.cpp' をコンパイルしています)
  
C:\Unity\SDL\MyGame\src\Objects\Bullet.h(14,28): warning C4244: '=': 'double' から 'float' への変換です。データが失われる可能性があります。
  (ソース ファイル 'src/Core/Game.cpp' をコンパイルしています)
  
  main.cpp
C:\Unity\SDL\MyGame\src\Objects\Bullet.h(13,28): warning C4244: '=': 'double' から 'float' への変換です。データが失われる可能性があります。
  (ソース ファイル 'src/Core/main.cpp' をコンパイルしています)
  
C:\Unity\SDL\MyGame\src\Objects\Bullet.h(14,28): warning C4244: '=': 'double' から 'float' への変換です。データが失われる可能性があります。
  (ソース ファイル 'src/Core/main.cpp' をコンパイルしています)
  
  PlayScene.cpp
C:\Unity\SDL\MyGame\src\Objects\Bullet.h(13,28): warning C4244: '=': 'double' から 'float' への変換です。データが失われる可能性があります。
  (ソース ファイル 'src/Scenes/PlayScene.cpp' をコンパイルしています)
  
C:\Unity\SDL\MyGame\src\Objects\Bullet.h(14,28): warning C4244: '=': 'double' から 'float' への変換です。データが失われる可能性があります。
  (ソース ファイル 'src/Scenes/PlayScene.cpp' をコンパイルしています)
  
  TextureManager.cpp
C:\Unity\SDL\MyGame\src\Objects\Bullet.h(13,28): warning C4244: '=': 'double' から 'float' への変換です。データが失われる可能性があります。
  (ソース ファイル 'src/TextureManager.cpp' をコンパイルしています)
  
C:\Unity\SDL\MyGame\src\Objects\Bullet.h(14,28): warning C4244: '=': 'double' から 'float' への変換です。データが失われる可能性があります。
  (ソース ファイル 'src/TextureManager.cpp' をコンパイルしています)
  
  コードを生成中...
  MyGame.vcxproj -> C:\Unity\SDL\x64\Debug\MyGame.exe
